[0.989s] Invoking command in '/root/ros2_ws/src/py_pubsub': CONDA_PROMPT_MODIFIER=(myconda) PYTHONPATH=/root/ros2_ws/src/build/py_pubsub/prefix_override:/root/ros2_ws/src/install/py_pubsub/lib/python3.8/site-packages:${PYTHONPATH} /usr/bin/python3 setup.py egg_info --egg-base ../build/py_pubsub build --build-base /root/ros2_ws/src/build/py_pubsub/build install --record /root/ros2_ws/src/build/py_pubsub/install.log --install-scripts $base/lib/py_pubsub --single-version-externally-managed
[1.256s] running egg_info
[1.257s] creating ../build/py_pubsub/py_pubsub.egg-info
[1.257s] writing ../build/py_pubsub/py_pubsub.egg-info/PKG-INFO
[1.258s] writing dependency_links to ../build/py_pubsub/py_pubsub.egg-info/dependency_links.txt
[1.258s] writing entry points to ../build/py_pubsub/py_pubsub.egg-info/entry_points.txt
[1.258s] writing requirements to ../build/py_pubsub/py_pubsub.egg-info/requires.txt
[1.259s] writing top-level names to ../build/py_pubsub/py_pubsub.egg-info/top_level.txt
[1.260s] writing manifest file '../build/py_pubsub/py_pubsub.egg-info/SOURCES.txt'
[1.302s] reading manifest file '../build/py_pubsub/py_pubsub.egg-info/SOURCES.txt'
[1.304s] writing manifest file '../build/py_pubsub/py_pubsub.egg-info/SOURCES.txt'
[1.304s] running build
[1.304s] running build_py
[1.304s] creating /root/ros2_ws/src/build/py_pubsub/build
[1.305s] creating /root/ros2_ws/src/build/py_pubsub/build/lib
[1.305s] creating /root/ros2_ws/src/build/py_pubsub/build/lib/py_pubsub
[1.305s] copying py_pubsub/__init__.py -> /root/ros2_ws/src/build/py_pubsub/build/lib/py_pubsub
[1.305s] copying py_pubsub/publisher_member_function.py -> /root/ros2_ws/src/build/py_pubsub/build/lib/py_pubsub
[1.305s] copying py_pubsub/subscriber_member_function.py -> /root/ros2_ws/src/build/py_pubsub/build/lib/py_pubsub
[1.306s] running install
[1.307s] running install_lib
[1.308s] creating /root/ros2_ws/src/install/py_pubsub/lib/python3.8/site-packages/py_pubsub
[1.308s] copying /root/ros2_ws/src/build/py_pubsub/build/lib/py_pubsub/__init__.py -> /root/ros2_ws/src/install/py_pubsub/lib/python3.8/site-packages/py_pubsub
[1.308s] copying /root/ros2_ws/src/build/py_pubsub/build/lib/py_pubsub/publisher_member_function.py -> /root/ros2_ws/src/install/py_pubsub/lib/python3.8/site-packages/py_pubsub
[1.309s] copying /root/ros2_ws/src/build/py_pubsub/build/lib/py_pubsub/subscriber_member_function.py -> /root/ros2_ws/src/install/py_pubsub/lib/python3.8/site-packages/py_pubsub
[1.309s] byte-compiling /root/ros2_ws/src/install/py_pubsub/lib/python3.8/site-packages/py_pubsub/__init__.py to __init__.cpython-38.pyc
[1.311s] byte-compiling /root/ros2_ws/src/install/py_pubsub/lib/python3.8/site-packages/py_pubsub/publisher_member_function.py to publisher_member_function.cpython-38.pyc
[1.312s] byte-compiling /root/ros2_ws/src/install/py_pubsub/lib/python3.8/site-packages/py_pubsub/subscriber_member_function.py to subscriber_member_function.cpython-38.pyc
[1.312s] running install_data
[1.313s] creating /root/ros2_ws/src/install/py_pubsub/share/ament_index
[1.313s] creating /root/ros2_ws/src/install/py_pubsub/share/ament_index/resource_index
[1.313s] creating /root/ros2_ws/src/install/py_pubsub/share/ament_index/resource_index/packages
[1.313s] copying resource/py_pubsub -> /root/ros2_ws/src/install/py_pubsub/share/ament_index/resource_index/packages
[1.314s] copying package.xml -> /root/ros2_ws/src/install/py_pubsub/share/py_pubsub
[1.314s] running install_egg_info
[1.316s] Copying ../build/py_pubsub/py_pubsub.egg-info to /root/ros2_ws/src/install/py_pubsub/lib/python3.8/site-packages/py_pubsub-0.0.0-py3.8.egg-info
[1.318s] running install_scripts
[1.340s] Installing listener script to /root/ros2_ws/src/install/py_pubsub/lib/py_pubsub
[1.341s] Installing talker script to /root/ros2_ws/src/install/py_pubsub/lib/py_pubsub
[1.341s] writing list of installed files to '/root/ros2_ws/src/build/py_pubsub/install.log'
[1.365s] Invoked command in '/root/ros2_ws/src/py_pubsub' returned '0': CONDA_PROMPT_MODIFIER=(myconda) PYTHONPATH=/root/ros2_ws/src/build/py_pubsub/prefix_override:/root/ros2_ws/src/install/py_pubsub/lib/python3.8/site-packages:${PYTHONPATH} /usr/bin/python3 setup.py egg_info --egg-base ../build/py_pubsub build --build-base /root/ros2_ws/src/build/py_pubsub/build install --record /root/ros2_ws/src/build/py_pubsub/install.log --install-scripts $base/lib/py_pubsub --single-version-externally-managed
